#
# A fatal error has been detected by the Java Runtime Environment:
#
#  SIGSEGV (0xb) at pc=0x00007fc7bbdbb819, pid=18548, tid=140497690814208
#
# JRE version: 6.0_21-b06
# Java VM: Java HotSpot(TM) 64-Bit Server VM (17.0-b16 mixed mode linux-amd64 )
# Problematic frame:
# C  [libgdk-x11-2.0.so.0+0x6e819]  gdk_window_enable_synchronized_configure+0x9
#
# If you would like to submit a bug report, please visit:
#   http://java.sun.com/webapps/bugreport/crash.jsp
# The crash happened outside the Java Virtual Machine in native code.
# See problematic frame for where to report the bug.
#

---------------  T H R E A D  ---------------

Current thread (0x00007fc824008800):  JavaThread "main" [_thread_in_native, id=18549, stack(0x00007fc82ae3e000,0x00007fc82af3f000)]

siginfo:si_signo=SIGSEGV: si_errno=0, si_code=1 (SEGV_MAPERR), si_addr=0x0000000000000018

Registers:
RAX=0x0000000000000000, RBX=0x00007fc824194090, RCX=0x00007fc82419f740, RDX=0x00007fc824000040
RSP=0x00007fc82af3cf60, RBP=0x0000000000000000, RSI=0x00000000ffffffff, RDI=0x0000000000000000
R8 =0x000000000000fe00, R9 =0x00007fc82419f560, R10=0x00007fc82af3cd40, R11=0x00007fc7bbdbb810
R12=0x00007fc82af3cf90, R13=0x0000000000000000, R14=0x0000000000000260, R15=0x0000000000000000
RIP=0x00007fc7bbdbb819, EFL=0x0000000000010206, CSGSFS=0x0000000000000033, ERR=0x0000000000000004
  TRAPNO=0x000000000000000e

Top of Stack: (sp=0x00007fc82af3cf60)
0x00007fc82af3cf60:   00007fc82419f560 00007fc824194090
0x00007fc82af3cf70:   00007fc824194070 00007fc7b2d6891e
0x00007fc82af3cf80:   4c41434954495243 00007fc82af3d2a0
0x00007fc82af3cf90:   00007fc8241a62f0 00007fc70000fc02
0x00007fc82af3cfa0:   000001f400000008 000000000000014a
0x00007fc82af3cfb0:   0000000000000000 0000000000000000
0x00007fc82af3cfc0:   00007fc800000001 00007fc82af3d1e0
0x00007fc82af3cfd0:   00007fc824193e50 00007fc824193e70
0x00007fc82af3cfe0:   00000000241be8e0 00007fc7f87aa5e7
0x00007fc82af3cff0:   00007fc7f87a8b30 0000000000000000
0x00007fc82af3d000:   00007fc8241ded30 00007fc82af3d1f8
0x00007fc82af3d010:   0000000000000000 00007fc7f87aa5e7
0x00007fc82af3d020:   0000000000000000 0000000000000000
0x00007fc82af3d030:   00007fc824194090 00000000000000e0
0x00007fc82af3d040:   00007fc840000002 00007fc7f84ca569
0x00007fc82af3d050:   00007fc8241be8e0 00007fc824194090
0x00007fc82af3d060:   0000000000000000 00007fc8241ded30
0x00007fc82af3d070:   00007fc82af3d1e0 0000000000000000
0x00007fc82af3d080:   00007fc82af3d130 00007fc8241c1750
0x00007fc82af3d090:   0000000000000000 00007fc7f87c3088
0x00007fc82af3d0a0:   00007fc824194090 00007fc80000000b
0x00007fc82af3d0b0:   0000000000000000 0000000000000004
0x00007fc82af3d0c0:   00007fc82af3d1f8 0000000000000000
0x00007fc82af3d0d0:   00007fc824194090 00007fc800000008
0x00007fc82af3d0e0:   0000000000000000 0000000000000004
0x00007fc82af3d0f0:   0000000000000000 0000000000000000
0x00007fc82af3d100:   0000000000000000 00007fc824194090
0x00007fc82af3d110:   0000000000000000 0000000000000000
0x00007fc82af3d120:   0000000000000000 0000000000000000
0x00007fc82af3d130:   00007fc82af3d490 00007fc824194090
0x00007fc82af3d140:   0000000000000008 0000000100000001
0x00007fc82af3d150:   00007fc8241c0b10 00007fc82c4ea515 

Instructions: (pc=0x00007fc7bbdbb819)
0x00007fc7bbdbb809:   1f 84 00 00 00 00 00 55 48 89 fd 53 48 83 ec 08
0x00007fc7bbdbb819:   48 8b 5f 18 e8 7e a0 ff ff 48 85 db 74 22 48 8b 

Stack: [0x00007fc82ae3e000,0x00007fc82af3f000],  sp=0x00007fc82af3cf60,  free space=3fb0000000000000018k
Native frames: (J=compiled Java code, j=interpreted, Vv=VM code, C=native code)
C  [libgdk-x11-2.0.so.0+0x6e819]  gdk_window_enable_synchronized_configure+0x9

[error occurred during error reporting (printing native stack), id 0xb]

Java frames: (J=compiled Java code, j=interpreted, Vv=VM code)
j  org.eclipse.equinox.launcher.JNIBridge._show_splash(Ljava/lang/String;)V+0
j  org.eclipse.equinox.launcher.JNIBridge.showSplash(Ljava/lang/String;)Z+2
j  org.eclipse.equinox.launcher.Main.handleSplash([Ljava/net/URL;)V+157
j  org.eclipse.equinox.launcher.Main.basicRun([Ljava/lang/String;)V+116
j  org.eclipse.equinox.launcher.Main.run([Ljava/lang/String;)I+4
j  org.eclipse.equinox.launcher.Main.main([Ljava/lang/String;)V+10
v  ~StubRoutines::call_stub

---------------  P R O C E S S  ---------------

Java Threads: ( => current thread )
  0x00007fc8240be800 JavaThread "Low Memory Detector" daemon [_thread_blocked, id=18564, stack(0x00007fc7f8bfc000,0x00007fc7f8cfd000)]
  0x00007fc8240bc800 JavaThread "CompilerThread1" daemon [_thread_blocked, id=18563, stack(0x00007fc7f8cfd000,0x00007fc7f8dfe000)]
  0x00007fc8240b9800 JavaThread "CompilerThread0" daemon [_thread_blocked, id=18562, stack(0x00007fc7f8dfe000,0x00007fc7f8eff000)]
  0x00007fc8240b7800 JavaThread "Signal Dispatcher" daemon [_thread_blocked, id=18561, stack(0x00007fc7f8eff000,0x00007fc7f9000000)]
  0x00007fc82409a800 JavaThread "Finalizer" daemon [_thread_blocked, id=18560, stack(0x00007fc82877d000,0x00007fc82887e000)]
  0x00007fc824098800 JavaThread "Reference Handler" daemon [_thread_blocked, id=18559, stack(0x00007fc82887e000,0x00007fc82897f000)]
=>0x00007fc824008800 JavaThread "main" [_thread_in_native, id=18549, stack(0x00007fc82ae3e000,0x00007fc82af3f000)]

Other Threads:
  0x00007fc824094800 VMThread [stack: 0x00007fc82897f000,0x00007fc828a80000] [id=18558]
  0x00007fc8240d1800 WatcherThread [stack: 0x00007fc7f8afb000,0x00007fc7f8bfc000] [id=18565]

VM state:not at safepoint (normal execution)

VM Mutex/Monitor currently owned by a thread: None

Heap
 PSYoungGen      total 11968K, used 2116K [0x00007fc819000000, 0x00007fc819d50000, 0x00007fc821000000)
  eden space 10304K, 20% used [0x00007fc819000000,0x00007fc8192112f0,0x00007fc819a10000)
  from space 1664K, 0% used [0x00007fc819bb0000,0x00007fc819bb0000,0x00007fc819d50000)
  to   space 1664K, 0% used [0x00007fc819a10000,0x00007fc819a10000,0x00007fc819bb0000)
 PSOldGen        total 27328K, used 0K [0x00007fc809000000, 0x00007fc80aab0000, 0x00007fc819000000)
  object space 27328K, 0% used [0x00007fc809000000,0x00007fc809000000,0x00007fc80aab0000)
 PSPermGen       total 21248K, used 4727K [0x00007fc7f9000000, 0x00007fc7fa4c0000, 0x00007fc809000000)
  object space 21248K, 22% used [0x00007fc7f9000000,0x00007fc7f949ddd8,0x00007fc7fa4c0000)

Dynamic libraries:
40000000-40009000 r-xp 00000000 08:02 10883499                           /opt/Xilinx/14.4/ISE_DS/ISE/java6/lin64/jre/bin/java
40108000-4010a000 rwxp 00008000 08:02 10883499                           /opt/Xilinx/14.4/ISE_DS/ISE/java6/lin64/jre/bin/java
41bf6000-41c17000 rwxp 00000000 00:00 0                                  [heap]
7fc7b2650000-7fc7b26f2000 rwxp 00000000 00:00 0 
7fc7b26f2000-7fc7b26f5000 r-xp 00000000 08:04 10100382                   /usr/lib/x86_64-linux-gnu/gdk-pixbuf-2.0/2.10.0/loaders/libpixbufloader-bmp.so
7fc7b26f5000-7fc7b28f5000 ---p 00003000 08:04 10100382                   /usr/lib/x86_64-linux-gnu/gdk-pixbuf-2.0/2.10.0/loaders/libpixbufloader-bmp.so
7fc7b28f5000-7fc7b28f6000 r-xp 00003000 08:04 10100382                   /usr/lib/x86_64-linux-gnu/gdk-pixbuf-2.0/2.10.0/loaders/libpixbufloader-bmp.so
7fc7b28f6000-7fc7b28f7000 rwxp 00004000 08:04 10100382                   /usr/lib/x86_64-linux-gnu/gdk-pixbuf-2.0/2.10.0/loaders/libpixbufloader-bmp.so
7fc7b28f7000-7fc7b2916000 r-xp 00000000 08:04 9707220                    /usr/lib/x86_64-linux-gnu/libatk-1.0.so.0.21009.1
7fc7b2916000-7fc7b2b16000 ---p 0001f000 08:04 9707220                    /usr/lib/x86_64-linux-gnu/libatk-1.0.so.0.21009.1
7fc7b2b16000-7fc7b2b18000 r-xp 0001f000 08:04 9707220                    /usr/lib/x86_64-linux-gnu/libatk-1.0.so.0.21009.1
7fc7b2b18000-7fc7b2b19000 rwxp 00021000 08:04 9707220                    /usr/lib/x86_64-linux-gnu/libatk-1.0.so.0.21009.1
7fc7b2b19000-7fc7b2f49000 r-xp 00000000 08:04 9707438                    /usr/lib/x86_64-linux-gnu/libgtk-x11-2.0.so.0.2400.23
7fc7b2f49000-7fc7b3148000 ---p 00430000 08:04 9707438                    /usr/lib/x86_64-linux-gnu/libgtk-x11-2.0.so.0.2400.23
7fc7b3148000-7fc7b314f000 r-xp 0042f000 08:04 9707438                    /usr/lib/x86_64-linux-gnu/libgtk-x11-2.0.so.0.2400.23
7fc7b314f000-7fc7b3153000 rwxp 00436000 08:04 9707438                    /usr/lib/x86_64-linux-gnu/libgtk-x11-2.0.so.0.2400.23
7fc7b3153000-7fc7b3156000 rwxp 00000000 00:00 0 
7fc7b3156000-7fc7b3170000 r-xp 00000000 08:04 9707539                    /usr/lib/x86_64-linux-gnu/libgraphite2.so.3.0.1
7fc7b3170000-7fc7b336f000 ---p 0001a000 08:04 9707539                    /usr/lib/x86_64-linux-gnu/libgraphite2.so.3.0.1
7fc7b336f000-7fc7b3371000 r-xp 00019000 08:04 9707539                    /usr/lib/x86_64-linux-gnu/libgraphite2.so.3.0.1
7fc7b3371000-7fc7b3372000 rwxp 0001b000 08:04 9707539                    /usr/lib/x86_64-linux-gnu/libgraphite2.so.3.0.1
7fc7b3372000-7fc7b3377000 r-xp 00000000 08:04 9707142                    /usr/lib/x86_64-linux-gnu/libXdmcp.so.6.0.0
7fc7b3377000-7fc7b3576000 ---p 00005000 08:04 9707142                    /usr/lib/x86_64-linux-gnu/libXdmcp.so.6.0.0
7fc7b3576000-7fc7b3577000 r-xp 00004000 08:04 9707142                    /usr/lib/x86_64-linux-gnu/libXdmcp.so.6.0.0
7fc7b3577000-7fc7b3578000 rwxp 00005000 08:04 9707142                    /usr/lib/x86_64-linux-gnu/libXdmcp.so.6.0.0
7fc7b3578000-7fc7b357a000 r-xp 00000000 08:04 9707131                    /usr/lib/x86_64-linux-gnu/libXau.so.6.0.0
7fc7b357a000-7fc7b377a000 ---p 00002000 08:04 9707131                    /usr/lib/x86_64-linux-gnu/libXau.so.6.0.0
7fc7b377a000-7fc7b377b000 r-xp 00002000 08:04 9707131                    /usr/lib/x86_64-linux-gnu/libXau.so.6.0.0
7fc7b377b000-7fc7b377c000 rwxp 00003000 08:04 9707131                    /usr/lib/x86_64-linux-gnu/libXau.so.6.0.0
7fc7b377c000-7fc7b3782000 r-xp 00000000 08:04 9707329                    /usr/lib/x86_64-linux-gnu/libdatrie.so.1.3.1
7fc7b3782000-7fc7b3981000 ---p 00006000 08:04 9707329                    /usr/lib/x86_64-linux-gnu/libdatrie.so.1.3.1
7fc7b3981000-7fc7b3982000 r-xp 00005000 08:04 9707329                    /usr/lib/x86_64-linux-gnu/libdatrie.so.1.3.1
7fc7b3982000-7fc7b3983000 rwxp 00006000 08:04 9707329                    /usr/lib/x86_64-linux-gnu/libdatrie.so.1.3.1
7fc7b3983000-7fc7b39d6000 r-xp 00000000 08:04 9707657                    /usr/lib/x86_64-linux-gnu/libharfbuzz.so.0.927.0
7fc7b39d6000-7fc7b3bd6000 ---p 00053000 08:04 9707657                    /usr/lib/x86_64-linux-gnu/libharfbuzz.so.0.927.0
7fc7b3bd6000-7fc7b3bd7000 r-xp 00053000 08:04 9707657                    /usr/lib/x86_64-linux-gnu/libharfbuzz.so.0.927.0
7fc7b3bd7000-7fc7b3bd8000 rwxp 00054000 08:04 9707657                    /usr/lib/x86_64-linux-gnu/libharfbuzz.so.0.927.0
7fc7b3bd8000-7fc7b3bf5000 r-xp 00000000 08:04 9708156                    /usr/lib/x86_64-linux-gnu/libxcb.so.1.1.0
7fc7b3bf5000-7fc7b3df5000 ---p 0001d000 08:04 9708156                    /usr/lib/x86_64-linux-gnu/libxcb.so.1.1.0
7fc7b3df5000-7fc7b3df6000 r-xp 0001d000 08:04 9708156                    /usr/lib/x86_64-linux-gnu/libxcb.so.1.1.0
7fc7b3df6000-7fc7b3df7000 rwxp 0001e000 08:04 9708156                    /usr/lib/x86_64-linux-gnu/libxcb.so.1.1.0
7fc7b3df7000-7fc7b3dff000 r-xp 00000000 08:04 9708140                    /usr/lib/x86_64-linux-gnu/libxcb-render.so.0.0.0
7fc7b3dff000-7fc7b3ffe000 ---p 00008000 08:04 9708140                    /usr/lib/x86_64-linux-gnu/libxcb-render.so.0.0.0
7fc7b3ffe000-7fc7b3fff000 r-xp 00007000 08:04 9708140                    /usr/lib/x86_64-linux-gnu/libxcb-render.so.0.0.0
7fc7b3fff000-7fc7b4000000 rwxp 00008000 08:04 9708140                    /usr/lib/x86_64-linux-gnu/libxcb-render.so.0.0.0
7fc7b4000000-7fc7b4021000 rwxp 00000000 00:00 0 
7fc7b4021000-7fc7b8000000 ---p 00000000 00:00 0 
7fc7b807c000-7fc7b807e000 r-xp 00000000 08:04 9708144                    /usr/lib/x86_64-linux-gnu/libxcb-shm.so.0.0.0
7fc7b807e000-7fc7b827d000 ---p 00002000 08:04 9708144                    /usr/lib/x86_64-linux-gnu/libxcb-shm.so.0.0.0
7fc7b827d000-7fc7b827e000 r-xp 00001000 08:04 9708144                    /usr/lib/x86_64-linux-gnu/libxcb-shm.so.0.0.0
7fc7b827e000-7fc7b827f000 rwxp 00002000 08:04 9708144                    /usr/lib/x86_64-linux-gnu/libxcb-shm.so.0.0.0
7fc7b827f000-7fc7b82a4000 r-xp 00000000 08:04 11410707                   /lib/x86_64-linux-gnu/libpng12.so.0.50.0
7fc7b82a4000-7fc7b84a3000 ---p 00025000 08:04 11410707                   /lib/x86_64-linux-gnu/libpng12.so.0.50.0
7fc7b84a3000-7fc7b84a4000 r-xp 00024000 08:04 11410707                   /lib/x86_64-linux-gnu/libpng12.so.0.50.0
7fc7b84a4000-7fc7b84a5000 rwxp 00025000 08:04 11410707                   /lib/x86_64-linux-gnu/libpng12.so.0.50.0
7fc7b84a5000-7fc7b8546000 r-xp 00000000 08:04 9707875                    /usr/lib/x86_64-linux-gnu/libpixman-1.so.0.30.2
7fc7b8546000-7fc7b8746000 ---p 000a1000 08:04 9707875                    /usr/lib/x86_64-linux-gnu/libpixman-1.so.0.30.2
7fc7b8746000-7fc7b874d000 r-xp 000a1000 08:04 9707875                    /usr/lib/x86_64-linux-gnu/libpixman-1.so.0.30.2
7fc7b874d000-7fc7b874e000 rwxp 000a8000 08:04 9707875                    /usr/lib/x86_64-linux-gnu/libpixman-1.so.0.30.2
7fc7b874e000-7fc7b8775000 r-xp 00000000 08:04 11407479                   /lib/x86_64-linux-gnu/libexpat.so.1.6.0
7fc7b8775000-7fc7b8975000 ---p 00027000 08:04 11407479                   /lib/x86_64-linux-gnu/libexpat.so.1.6.0
7fc7b8975000-7fc7b8977000 r-xp 00027000 08:04 11407479                   /lib/x86_64-linux-gnu/libexpat.so.1.6.0
7fc7b8977000-7fc7b8978000 rwxp 00029000 08:04 11407479                   /lib/x86_64-linux-gnu/libexpat.so.1.6.0
7fc7b8978000-7fc7b898f000 r-xp 00000000 08:04 11407591                   /lib/x86_64-linux-gnu/libresolv-2.19.so
7fc7b898f000-7fc7b8b8f000 ---p 00017000 08:04 11407591                   /lib/x86_64-linux-gnu/libresolv-2.19.so
7fc7b8b8f000-7fc7b8b90000 r-xp 00017000 08:04 11407591                   /lib/x86_64-linux-gnu/libresolv-2.19.so
7fc7b8b90000-7fc7b8b91000 rwxp 00018000 08:04 11407591                   /lib/x86_64-linux-gnu/libresolv-2.19.so
7fc7b8b91000-7fc7b8b93000 rwxp 00000000 00:00 0 
7fc7b8b93000-7fc7b8bb3000 r-xp 00000000 08:04 11407595                   /lib/x86_64-linux-gnu/libselinux.so.1
7fc7b8bb3000-7fc7b8db2000 ---p 00020000 08:04 11407595                   /lib/x86_64-linux-gnu/libselinux.so.1
7fc7b8db2000-7fc7b8db3000 r-xp 0001f000 08:04 11407595                   /lib/x86_64-linux-gnu/libselinux.so.1
7fc7b8db3000-7fc7b8db4000 rwxp 00020000 08:04 11407595                   /lib/x86_64-linux-gnu/libselinux.so.1
7fc7b8db4000-7fc7b8db6000 rwxp 00000000 00:00 0 
7fc7b8db6000-7fc7b8dce000 r-xp 00000000 08:04 11407627                   /lib/x86_64-linux-gnu/libz.so.1.2.8
7fc7b8dce000-7fc7b8fcd000 ---p 00018000 08:04 11407627                   /lib/x86_64-linux-gnu/libz.so.1.2.8
7fc7b8fcd000-7fc7b8fce000 r-xp 00017000 08:04 11407627                   /lib/x86_64-linux-gnu/libz.so.1.2.8
7fc7b8fce000-7fc7b8fcf000 rwxp 00018000 08:04 11407627                   /lib/x86_64-linux-gnu/libz.so.1.2.8
7fc7b8fcf000-7fc7b8fd7000 r-xp 00000000 08:04 9708039                    /usr/lib/x86_64-linux-gnu/libthai.so.0.2.0
7fc7b8fd7000-7fc7b91d6000 ---p 00008000 08:04 9708039                    /usr/lib/x86_64-linux-gnu/libthai.so.0.2.0
7fc7b91d6000-7fc7b91d7000 r-xp 00007000 08:04 9708039                    /usr/lib/x86_64-linux-gnu/libthai.so.0.2.0
7fc7b91d7000-7fc7b91d8000 rwxp 00008000 08:04 9708039                    /usr/lib/x86_64-linux-gnu/libthai.so.0.2.0
7fc7b91d8000-7fc7b91db000 r-xp 00000000 08:04 9707503                    /usr/lib/x86_64-linux-gnu/libgmodule-2.0.so.0.4002.0
7fc7b91db000-7fc7b93da000 ---p 00003000 08:04 9707503                    /usr/lib/x86_64-linux-gnu/libgmodule-2.0.so.0.4002.0
7fc7b93da000-7fc7b93db000 r-xp 00002000 08:04 9707503                    /usr/lib/x86_64-linux-gnu/libgmodule-2.0.so.0.4002.0
7fc7b93db000-7fc7b93dc000 rwxp 00003000 08:04 9707503                    /usr/lib/x86_64-linux-gnu/libgmodule-2.0.so.0.4002.0
7fc7b93dc000-7fc7b9479000 r-xp 00000000 08:04 9700449                    /usr/lib/x86_64-linux-gnu/libfreetype.so.6.11.1
7fc7b9479000-7fc7b9678000 ---p 0009d000 08:04 9700449                    /usr/lib/x86_64-linux-gnu/libfreetype.so.6.11.1
7fc7b9678000-7fc7b967e000 r-xp 0009c000 08:04 9700449                    /usr/lib/x86_64-linux-gnu/libfreetype.so.6.11.1
7fc7b967e000-7fc7b967f000 rwxp 000a2000 08:04 9700449                    /usr/lib/x86_64-linux-gnu/libfreetype.so.6.11.1
7fc7b967f000-7fc7b9693000 r-xp 00000000 08:04 9707856                    /usr/lib/x86_64-linux-gnu/libpangoft2-1.0.so.0.3600.3
7fc7b9693000-7fc7b9892000 ---p 00014000 08:04 9707856                    /usr/lib/x86_64-linux-gnu/libpangoft2-1.0.so.0.3600.3
7fc7b9892000-7fc7b9893000 r-xp 00013000 08:04 9707856                    /usr/lib/x86_64-linux-gnu/libpangoft2-1.0.so.0.3600.3
7fc7b9893000-7fc7b9894000 rwxp 00014000 08:04 9707856                    /usr/lib/x86_64-linux-gnu/libpangoft2-1.0.so.0.3600.3
7fc7b9894000-7fc7b98a5000 r-xp 00000000 08:04 9707144                    /usr/lib/x86_64-linux-gnu/libXext.so.6.4.0
7fc7b98a5000-7fc7b9aa4000 ---p 00011000 08:04 9707144                    /usr/lib/x86_64-linux-gnu/libXext.so.6.4.0
7fc7b9aa4000-7fc7b9aa5000 r-xp 00010000 08:04 9707144                    /usr/lib/x86_64-linux-gnu/libXext.so.6.4.0
7fc7b9aa5000-7fc7b9aa6000 rwxp 00011000 08:04 9707144                    /usr/lib/x86_64-linux-gnu/libXext.so.6.4.0
7fc7b9aa6000-7fc7b9bd6000 r-xp 00000000 08:04 9707127                    /usr/lib/x86_64-linux-gnu/libX11.so.6.3.0
7fc7b9bd6000-7fc7b9dd6000 ---p 00130000 08:04 9707127                    /usr/lib/x86_64-linux-gnu/libX11.so.6.3.0
7fc7b9dd6000-7fc7b9dd7000 r-xp 00130000 08:04 9707127                    /usr/lib/x86_64-linux-gnu/libX11.so.6.3.0
7fc7b9dd7000-7fc7b9ddb000 rwxp 00131000 08:04 9707127                    /usr/lib/x86_64-linux-gnu/libX11.so.6.3.0
7fc7b9ddb000-7fc7b9ee1000 r-xp 00000000 08:04 9707255                    /usr/lib/x86_64-linux-gnu/libcairo.so.2.11301.0
7fc7b9ee1000-7fc7ba0e0000 ---p 00106000 08:04 9707255                    /usr/lib/x86_64-linux-gnu/libcairo.so.2.11301.0
7fc7ba0e0000-7fc7ba0e3000 r-xp 00105000 08:04 9707255                    /usr/lib/x86_64-linux-gnu/libcairo.so.2.11301.0
7fc7ba0e3000-7fc7ba0e4000 rwxp 00108000 08:04 9707255                    /usr/lib/x86_64-linux-gnu/libcairo.so.2.11301.0
7fc7ba0e4000-7fc7ba0e6000 rwxp 00000000 00:00 0 
7fc7ba0e6000-7fc7ba0eb000 r-xp 00000000 08:04 9707146                    /usr/lib/x86_64-linux-gnu/libXfixes.so.3.1.0
7fc7ba0eb000-7fc7ba2ea000 ---p 00005000 08:04 9707146                    /usr/lib/x86_64-linux-gnu/libXfixes.so.3.1.0
7fc7ba2ea000-7fc7ba2eb000 r-xp 00004000 08:04 9707146                    /usr/lib/x86_64-linux-gnu/libXfixes.so.3.1.0
7fc7ba2eb000-7fc7ba2ec000 rwxp 00005000 08:04 9707146                    /usr/lib/x86_64-linux-gnu/libXfixes.so.3.1.0
7fc7ba2ec000-7fc7ba2ee000 r-xp 00000000 08:04 9707140                    /usr/lib/x86_64-linux-gnu/libXdamage.so.1.1.0
7fc7ba2ee000-7fc7ba4ed000 ---p 00002000 08:04 9707140                    /usr/lib/x86_64-linux-gnu/libXdamage.so.1.1.0
7fc7ba4ed000-7fc7ba4ee000 r-xp 00001000 08:04 9707140                    /usr/lib/x86_64-linux-gnu/libXdamage.so.1.1.0
7fc7ba4ee000-7fc7ba4ef000 rwxp 00002000 08:04 9707140                    /usr/lib/x86_64-linux-gnu/libXdamage.so.1.1.0
7fc7ba4ef000-7fc7ba4f1000 r-xp 00000000 08:04 9707136                    /usr/lib/x86_64-linux-gnu/libXcomposite.so.1.0.0
7fc7ba4f1000-7fc7ba6f0000 ---p 00002000 08:04 9707136                    /usr/lib/x86_64-linux-gnu/libXcomposite.so.1.0.0
7fc7ba6f0000-7fc7ba6f1000 r-xp 00001000 08:04 9707136                    /usr/lib/x86_64-linux-gnu/libXcomposite.so.1.0.0
7fc7ba6f1000-7fc7ba6f2000 rwxp 00002000 08:04 9707136                    /usr/lib/x86_64-linux-gnu/libXcomposite.so.1.0.0
7fc7ba6f2000-7fc7ba6fb000 r-xp 00000000 08:04 9707138                    /usr/lib/x86_64-linux-gnu/libXcursor.so.1.0.2
7fc7ba6fb000-7fc7ba8fa000 ---p 00009000 08:04 9707138                    /usr/lib/x86_64-linux-gnu/libXcursor.so.1.0.2
7fc7ba8fa000-7fc7ba8fb000 r-xp 00008000 08:04 9707138                    /usr/lib/x86_64-linux-gnu/libXcursor.so.1.0.2
7fc7ba8fb000-7fc7ba8fc000 rwxp 00009000 08:04 9707138                    /usr/lib/x86_64-linux-gnu/libXcursor.so.1.0.2
7fc7ba8fc000-7fc7ba905000 r-xp 00000000 08:04 9707164                    /usr/lib/x86_64-linux-gnu/libXrandr.so.2.2.0
7fc7ba905000-7fc7bab04000 ---p 00009000 08:04 9707164                    /usr/lib/x86_64-linux-gnu/libXrandr.so.2.2.0
7fc7bab04000-7fc7bab05000 r-xp 00008000 08:04 9707164                    /usr/lib/x86_64-linux-gnu/libXrandr.so.2.2.0
7fc7bab05000-7fc7bab06000 rwxp 00009000 08:04 9707164                    /usr/lib/x86_64-linux-gnu/libXrandr.so.2.2.0
7fc7bab06000-7fc7bab15000 r-xp 00000000 08:04 9707152                    /usr/lib/x86_64-linux-gnu/libXi.so.6.1.0
7fc7bab15000-7fc7bad14000 ---p 0000f000 08:04 9707152                    /usr/lib/x86_64-linux-gnu/libXi.so.6.1.0
7fc7bad14000-7fc7bad15000 r-xp 0000e000 08:04 9707152                    /usr/lib/x86_64-linux-gnu/libXi.so.6.1.0
7fc7bad15000-7fc7bad16000 rwxp 0000f000 08:04 9707152                    /usr/lib/x86_64-linux-gnu/libXi.so.6.1.0
7fc7bad16000-7fc7bad18000 r-xp 00000000 08:04 9707154                    /usr/lib/x86_64-linux-gnu/libXinerama.so.1.0.0
7fc7bad18000-7fc7baf17000 ---p 00002000 08:04 9707154                    /usr/lib/x86_64-linux-gnu/libXinerama.so.1.0.0
7fc7baf17000-7fc7baf18000 r-xp 00001000 08:04 9707154                    /usr/lib/x86_64-linux-gnu/libXinerama.so.1.0.0
7fc7baf18000-7fc7baf19000 rwxp 00002000 08:04 9707154                    /usr/lib/x86_64-linux-gnu/libXinerama.so.1.0.0
7fc7baf19000-7fc7baf22000 r-xp 00000000 08:04 9707166                    /usr/lib/x86_64-linux-gnu/libXrender.so.1.3.0
7fc7baf22000-7fc7bb121000 ---p 00009000 08:04 9707166                    /usr/lib/x86_64-linux-gnu/libXrender.so.1.3.0
7fc7bb121000-7fc7bb122000 r-xp 00008000 08:04 9707166                    /usr/lib/x86_64-linux-gnu/libXrender.so.1.3.0
7fc7bb122000-7fc7bb123000 rwxp 00009000 08:04 9707166                    /usr/lib/x86_64-linux-gnu/libXrender.so.1.3.0
7fc7bb123000-7fc7bb15d000 r-xp 00000000 08:04 9707420                    /usr/lib/x86_64-linux-gnu/libfontconfig.so.1.8.0
7fc7bb15d000-7fc7bb35c000 ---p 0003a000 08:04 9707420                    /usr/lib/x86_64-linux-gnu/libfontconfig.so.1.8.0
7fc7bb35c000-7fc7bb35e000 r-xp 00039000 08:04 9707420                    /usr/lib/x86_64-linux-gnu/libfontconfig.so.1.8.0
7fc7bb35e000-7fc7bb35f000 rwxp 0003b000 08:04 9707420                    /usr/lib/x86_64-linux-gnu/libfontconfig.so.1.8.0
7fc7bb35f000-7fc7bb4cb000 r-xp 00000000 08:04 9707491                    /usr/lib/x86_64-linux-gnu/libgio-2.0.so.0.4002.0
7fc7bb4cb000-7fc7bb6ca000 ---p 0016c000 08:04 9707491                    /usr/lib/x86_64-linux-gnu/libgio-2.0.so.0.4002.0
7fc7bb6ca000-7fc7bb6ce000 r-xp 0016b000 08:04 9707491                    /usr/lib/x86_64-linux-gnu/libgio-2.0.so.0.4002.0
7fc7bb6ce000-7fc7bb6d0000 rwxp 0016f000 08:04 9707491                    /usr/lib/x86_64-linux-gnu/libgio-2.0.so.0.4002.0
7fc7bb6d0000-7fc7bb6d2000 rwxp 00000000 00:00 0 
7fc7bb6d2000-7fc7bb6f2000 r-xp 00000000 08:04 9700563                    /usr/lib/x86_64-linux-gnu/libgdk_pixbuf-2.0.so.0.3000.7
7fc7bb6f2000-7fc7bb8f1000 ---p 00020000 08:04 9700563                    /usr/lib/x86_64-linux-gnu/libgdk_pixbuf-2.0.so.0.3000.7
7fc7bb8f1000-7fc7bb8f2000 r-xp 0001f000 08:04 9700563                    /usr/lib/x86_64-linux-gnu/libgdk_pixbuf-2.0.so.0.3000.7
7fc7bb8f2000-7fc7bb8f3000 rwxp 00020000 08:04 9700563                    /usr/lib/x86_64-linux-gnu/libgdk_pixbuf-2.0.so.0.3000.7
7fc7bb8f3000-7fc7bb93d000 r-xp 00000000 08:04 9707852                    /usr/lib/x86_64-linux-gnu/libpango-1.0.so.0.3600.3
7fc7bb93d000-7fc7bbb3d000 ---p 0004a000 08:04 9707852                    /usr/lib/x86_64-linux-gnu/libpango-1.0.so.0.3600.3
7fc7bbb3d000-7fc7bbb3f000 r-xp 0004a000 08:04 9707852                    /usr/lib/x86_64-linux-gnu/libpango-1.0.so.0.3600.3
7fc7bbb3f000-7fc7bbb40000 rwxp 0004c000 08:04 9707852                    /usr/lib/x86_64-linux-gnu/libpango-1.0.so.0.3600.3
7fc7bbb40000-7fc7bbb4b000 r-xp 00000000 08:04 9707854                    /usr/lib/x86_64-linux-gnu/libpangocairo-1.0.so.0.3600.3
7fc7bbb4b000-7fc7bbd4b000 ---p 0000b000 08:04 9707854                    /usr/lib/x86_64-linux-gnu/libpangocairo-1.0.so.0.3600.3
7fc7bbd4b000-7fc7bbd4c000 r-xp 0000b000 08:04 9707854                    /usr/lib/x86_64-linux-gnu/libpangocairo-1.0.so.0.3600.3
7fc7bbd4c000-7fc7bbd4d000 rwxp 0000c000 08:04 9707854                    /usr/lib/x86_64-linux-gnu/libpangocairo-1.0.so.0.3600.3
7fc7bbd4d000-7fc7bbdfb000 r-xp 00000000 08:04 9707431                    /usr/lib/x86_64-linux-gnu/libgdk-x11-2.0.so.0.2400.23
7fc7bbdfb000-7fc7bbffa000 ---p 000ae000 08:04 9707431                    /usr/lib/x86_64-linux-gnu/libgdk-x11-2.0.so.0.2400.23
7fc7bbffa000-7fc7bbffe000 r-xp 000ad000 08:04 9707431                    /usr/lib/x86_64-linux-gnu/libgdk-x11-2.0.so.0.2400.23
7fc7bbffe000-7fc7bc000000 rwxp 000b1000 08:04 9707431                    /usr/lib/x86_64-linux-gnu/libgdk-x11-2.0.so.0.2400.23
7fc7bc000000-7fc7bc14d000 rwxp 00000000 00:00 0 
7fc7bc14d000-7fc7c0000000 ---p 00000000 00:00 0 
7fc7c0000000-7fc7c0021000 rwxp 00000000 00:00 0 
7fc7c0021000-7fc7c4000000 ---p 00000000 00:00 0 
7fc7c4000000-7fc7c4021000 rwxp 00000000 00:00 0 
7fc7c4021000-7fc7c8000000 ---p 00000000 00:00 0 
7fc7c8000000-7fc7c827d000 rwxp 00000000 00:00 0 
7fc7c827d000-7fc7cc000000 ---p 00000000 00:00 0 
7fc7cc000000-7fc7cc021000 rwxp 00000000 00:00 0 
7fc7cc021000-7fc7d0000000 ---p 00000000 00:00 0 
7fc7d0000000-7fc7d0021000 rwxp 00000000 00:00 0 
7fc7d0021000-7fc7d4000000 ---p 00000000 00:00 0 
7fc7d4000000-7fc7d4021000 rwxp 00000000 00:00 0 
7fc7d4021000-7fc7d8000000 ---p 00000000 00:00 0 
7fc7d8000000-7fc7d8021000 rwxp 00000000 00:00 0 
7fc7d8021000-7fc7dc000000 ---p 00000000 00:00 0 
7fc7dc000000-7fc7dc021000 rwxp 00000000 00:00 0 
7fc7dc021000-7fc7e0000000 ---p 00000000 00:00 0 
7fc7e0000000-7fc7e0021000 rwxp 00000000 00:00 0 
7fc7e0021000-7fc7e4000000 ---p 00000000 00:00 0 
7fc7e4000000-7fc7e4021000 rwxp 00000000 00:00 0 
7fc7e4021000-7fc7e8000000 ---p 00000000 00:00 0 
7fc7e8000000-7fc7e8021000 rwxp 00000000 00:00 0 
7fc7e8021000-7fc7ec000000 ---p 00000000 00:00 0 
7fc7ec000000-7fc7ec021000 rwxp 00000000 00:00 0 
7fc7ec021000-7fc7f0000000 ---p 00000000 00:00 0 
7fc7f0000000-7fc7f0021000 rwxp 00000000 00:00 0 
7fc7f0021000-7fc7f4000000 ---p 00000000 00:00 0 
7fc7f4000000-7fc7f4021000 rwxp 00000000 00:00 0 
7fc7f4021000-7fc7f8000000 ---p 00000000 00:00 0 
7fc7f804c000-7fc7f8089000 r-xp 00000000 08:04 11407568                   /lib/x86_64-linux-gnu/libpcre.so.3.13.1
7fc7f8089000-7fc7f8288000 ---p 0003d000 08:04 11407568                   /lib/x86_64-linux-gnu/libpcre.so.3.13.1
7fc7f8288000-7fc7f8289000 r-xp 0003c000 08:04 11407568                   /lib/x86_64-linux-gnu/libpcre.so.3.13.1
7fc7f8289000-7fc7f828a000 rwxp 0003d000 08:04 11407568                   /lib/x86_64-linux-gnu/libpcre.so.3.13.1
7fc7f828a000-7fc7f8291000 r-xp 00000000 08:04 9707406                    /usr/lib/x86_64-linux-gnu/libffi.so.6.0.1
7fc7f8291000-7fc7f8490000 ---p 00007000 08:04 9707406                    /usr/lib/x86_64-linux-gnu/libffi.so.6.0.1
7fc7f8490000-7fc7f8491000 r-xp 00006000 08:04 9707406                    /usr/lib/x86_64-linux-gnu/libffi.so.6.0.1
7fc7f8491000-7fc7f8492000 rwxp 00007000 08:04 9707406                    /usr/lib/x86_64-linux-gnu/libffi.so.6.0.1
7fc7f8492000-7fc7f8598000 r-xp 00000000 08:04 11407495                   /lib/x86_64-linux-gnu/libglib-2.0.so.0.4002.0
7fc7f8598000-7fc7f8797000 ---p 00106000 08:04 11407495                   /lib/x86_64-linux-gnu/libglib-2.0.so.0.4002.0
7fc7f8797000-7fc7f8798000 r-xp 00105000 08:04 11407495                   /lib/x86_64-linux-gnu/libglib-2.0.so.0.4002.0
7fc7f8798000-7fc7f8799000 rwxp 00106000 08:04 11407495                   /lib/x86_64-linux-gnu/libglib-2.0.so.0.4002.0
7fc7f8799000-7fc7f879a000 rwxp 00000000 00:00 0 
7fc7f879a000-7fc7f87e9000 r-xp 00000000 08:04 9707521                    /usr/lib/x86_64-linux-gnu/libgobject-2.0.so.0.4002.0
7fc7f87e9000-7fc7f89e9000 ---p 0004f000 08:04 9707521                    /usr/lib/x86_64-linux-gnu/libgobject-2.0.so.0.4002.0
7fc7f89e9000-7fc7f89ea000 r-xp 0004f000 08:04 9707521                    /usr/lib/x86_64-linux-gnu/libgobject-2.0.so.0.4002.0
7fc7f89ea000-7fc7f89eb000 rwxp 00050000 08:04 9707521                    /usr/lib/x86_64-linux-gnu/libgobject-2.0.so.0.4002.0
7fc7f89eb000-7fc7f89fa000 r-xp 00000000 08:02 10750477                   /opt/Xilinx/14.4/ISE_DS/EDK/eclipse/lin64/eclipse/plugins/org.eclipse.equinox.launcher.gtk.linux.x86_64_1.1.2.R36x_v20101019_1345/eclipse_1310.so
7fc7f89fa000-7fc7f8af9000 ---p 0000f000 08:02 10750477                   /opt/Xilinx/14.4/ISE_DS/EDK/eclipse/lin64/eclipse/plugins/org.eclipse.equinox.launcher.gtk.linux.x86_64_1.1.2.R36x_v20101019_1345/eclipse_1310.so
7fc7f8af9000-7fc7f8afb000 rwxp 0000e000 08:02 10750477                   /opt/Xilinx/14.4/ISE_DS/EDK/eclipse/lin64/eclipse/plugins/org.eclipse.equinox.launcher.gtk.linux.x86_64_1.1.2.R36x_v20101019_1345/eclipse_1310.so
7fc7f8afb000-7fc7f8afc000 ---p 00000000 00:00 0 
7fc7f8afc000-7fc7f8bfc000 rwxp 00000000 00:00 0                          [stack:18565]
7fc7f8bfc000-7fc7f8bff000 ---p 00000000 00:00 0 
7fc7f8bff000-7fc7f8cfd000 rwxp 00000000 00:00 0                          [stack:18564]
7fc7f8cfd000-7fc7f8d00000 ---p 00000000 00:00 0 
7fc7f8d00000-7fc7f8dfe000 rwxp 00000000 00:00 0                          [stack:18563]
7fc7f8dfe000-7fc7f8e01000 ---p 00000000 00:00 0 
7fc7f8e01000-7fc7f8eff000 rwxp 00000000 00:00 0                          [stack:18562]
7fc7f8eff000-7fc7f8f02000 ---p 00000000 00:00 0 
7fc7f8f02000-7fc7fa4c0000 rwxp 00000000 00:00 0                          [stack:18561]
7fc7fa4c0000-7fc809000000 rwxp 00000000 00:00 0 
7fc809000000-7fc80aab0000 rwxp 00000000 00:00 0 
7fc80aab0000-7fc819000000 rwxp 00000000 00:00 0 
7fc819000000-7fc819d50000 rwxp 00000000 00:00 0 
7fc819d50000-7fc821000000 rwxp 00000000 00:00 0 
7fc821000000-7fc821270000 rwxp 00000000 00:00 0 
7fc821270000-7fc8241e2000 rwxp 00000000 00:00 0 
7fc8241e2000-7fc828000000 ---p 00000000 00:00 0 
7fc82807a000-7fc82809b000 r-xs 00000000 08:04 10093261                   /usr/share/mime/mime.cache
7fc82809b000-7fc82877d000 r-xp 00000000 08:04 9706387                    /usr/lib/locale/locale-archive
7fc82877d000-7fc828780000 ---p 00000000 00:00 0 
7fc828780000-7fc82887e000 rwxp 00000000 00:00 0                          [stack:18560]
7fc82887e000-7fc828881000 ---p 00000000 00:00 0 
7fc828881000-7fc82897f000 rwxp 00000000 00:00 0                          [stack:18559]
7fc82897f000-7fc828980000 ---p 00000000 00:00 0 
7fc828980000-7fc8293bd000 rwxp 00000000 00:00 0                          [stack:18558]
7fc8293bd000-7fc829554000 r-xs 02b02000 08:02 10227397                   /opt/Xilinx/14.4/ISE_DS/ISE/java6/lin64/jre/lib/rt.jar
7fc829554000-7fc829555000 ---p 00000000 00:00 0 
7fc829555000-7fc829655000 rwxp 00000000 00:00 0                          [stack:18557]
7fc829655000-7fc829656000 ---p 00000000 00:00 0 
7fc829656000-7fc829756000 rwxp 00000000 00:00 0                          [stack:18556]
7fc829756000-7fc829757000 ---p 00000000 00:00 0 
7fc829757000-7fc829857000 rwxp 00000000 00:00 0                          [stack:18555]
7fc829857000-7fc829858000 ---p 00000000 00:00 0 
7fc829858000-7fc829958000 rwxp 00000000 00:00 0                          [stack:18554]
7fc829958000-7fc829959000 ---p 00000000 00:00 0 
7fc829959000-7fc829a59000 rwxp 00000000 00:00 0                          [stack:18553]
7fc829a59000-7fc829a5a000 ---p 00000000 00:00 0 
7fc829a5a000-7fc829b5a000 rwxp 00000000 00:00 0                          [stack:18552]
7fc829b5a000-7fc829b5b000 ---p 00000000 00:00 0 
7fc829b5b000-7fc829c5b000 rwxp 00000000 00:00 0                          [stack:18551]
7fc829c5b000-7fc829c5c000 ---p 00000000 00:00 0 
7fc829c5c000-7fc829d67000 rwxp 00000000 00:00 0                          [stack:18550]
7fc829d67000-7fc829ddc000 rwxp 00000000 00:00 0 
7fc829ddc000-7fc829dea000 rwxp 00000000 00:00 0 
7fc829dea000-7fc829e5c000 rwxp 00000000 00:00 0 
7fc829e5c000-7fc829e67000 rwxp 00000000 00:00 0 
7fc829e67000-7fc829edc000 rwxp 00000000 00:00 0 
7fc829edc000-7fc829eea000 rwxp 00000000 00:00 0 
7fc829eea000-7fc829f5c000 rwxp 00000000 00:00 0 
7fc829f5c000-7fc829f63000 rwxp 00000000 00:00 0 
7fc829f63000-7fc829f9c000 rwxp 00000000 00:00 0 
7fc829f9c000-7fc829f9d000 rwxp 00000000 00:00 0 
7fc829f9d000-7fc829fab000 r-xp 00000000 08:02 10227449                   /opt/Xilinx/14.4/ISE_DS/ISE/java6/lin64/jre/lib/amd64/libzip.so
7fc829fab000-7fc82a0ad000 ---p 0000e000 08:02 10227449                   /opt/Xilinx/14.4/ISE_DS/ISE/java6/lin64/jre/lib/amd64/libzip.so
7fc82a0ad000-7fc82a0b0000 rwxp 00010000 08:02 10227449                   /opt/Xilinx/14.4/ISE_DS/ISE/java6/lin64/jre/lib/amd64/libzip.so
7fc82a0b0000-7fc82a0b1000 rwxp 00000000 00:00 0 
7fc82a0b1000-7fc82a0bc000 r-xp 00000000 08:04 11407539                   /lib/x86_64-linux-gnu/libnss_files-2.19.so
7fc82a0bc000-7fc82a2bb000 ---p 0000b000 08:04 11407539                   /lib/x86_64-linux-gnu/libnss_files-2.19.so
7fc82a2bb000-7fc82a2bc000 r-xp 0000a000 08:04 11407539                   /lib/x86_64-linux-gnu/libnss_files-2.19.so
7fc82a2bc000-7fc82a2bd000 rwxp 0000b000 08:04 11407539                   /lib/x86_64-linux-gnu/libnss_files-2.19.so
7fc82a2bd000-7fc82a2c8000 r-xp 00000000 08:04 11407550                   /lib/x86_64-linux-gnu/libnss_nis-2.19.so
7fc82a2c8000-7fc82a4c7000 ---p 0000b000 08:04 11407550                   /lib/x86_64-linux-gnu/libnss_nis-2.19.so
7fc82a4c7000-7fc82a4c8000 r-xp 0000a000 08:04 11407550                   /lib/x86_64-linux-gnu/libnss_nis-2.19.so
7fc82a4c8000-7fc82a4c9000 rwxp 0000b000 08:04 11407550                   /lib/x86_64-linux-gnu/libnss_nis-2.19.so
7fc82a4c9000-7fc82a4d2000 r-xp 00000000 08:04 11407535                   /lib/x86_64-linux-gnu/libnss_compat-2.19.so
7fc82a4d2000-7fc82a6d1000 ---p 00009000 08:04 11407535                   /lib/x86_64-linux-gnu/libnss_compat-2.19.so
7fc82a6d1000-7fc82a6d2000 r-xp 00008000 08:04 11407535                   /lib/x86_64-linux-gnu/libnss_compat-2.19.so
7fc82a6d2000-7fc82a6d3000 rwxp 00009000 08:04 11407535                   /lib/x86_64-linux-gnu/libnss_compat-2.19.so
7fc82a6d3000-7fc82a6da000 r-xp 00000000 08:02 10489200                   /opt/Xilinx/14.4/ISE_DS/ISE/java6/lin64/jre/lib/amd64/native_threads/libhpi.so
7fc82a6da000-7fc82a7db000 ---p 00007000 08:02 10489200                   /opt/Xilinx/14.4/ISE_DS/ISE/java6/lin64/jre/lib/amd64/native_threads/libhpi.so
7fc82a7db000-7fc82a7dd000 rwxp 00008000 08:02 10489200                   /opt/Xilinx/14.4/ISE_DS/ISE/java6/lin64/jre/lib/amd64/native_threads/libhpi.so
7fc82a7dd000-7fc82a7de000 rwxp 00000000 00:00 0 
7fc82a7de000-7fc82a7f5000 r-xp 00000000 08:04 11407533                   /lib/x86_64-linux-gnu/libnsl-2.19.so
7fc82a7f5000-7fc82a9f4000 ---p 00017000 08:04 11407533                   /lib/x86_64-linux-gnu/libnsl-2.19.so
7fc82a9f4000-7fc82a9f5000 r-xp 00016000 08:04 11407533                   /lib/x86_64-linux-gnu/libnsl-2.19.so
7fc82a9f5000-7fc82a9f6000 rwxp 00017000 08:04 11407533                   /lib/x86_64-linux-gnu/libnsl-2.19.so
7fc82a9f6000-7fc82a9f8000 rwxp 00000000 00:00 0 
7fc82a9f8000-7fc82aa20000 r-xp 00000000 08:02 10227460                   /opt/Xilinx/14.4/ISE_DS/ISE/java6/lin64/jre/lib/amd64/libjava.so
7fc82aa20000-7fc82ab20000 ---p 00028000 08:02 10227460                   /opt/Xilinx/14.4/ISE_DS/ISE/java6/lin64/jre/lib/amd64/libjava.so
7fc82ab20000-7fc82ab27000 rwxp 00028000 08:02 10227460                   /opt/Xilinx/14.4/ISE_DS/ISE/java6/lin64/jre/lib/amd64/libjava.so
7fc82ab27000-7fc82ab34000 r-xp 00000000 08:02 10227450                   /opt/Xilinx/14.4/ISE_DS/ISE/java6/lin64/jre/lib/amd64/libverify.so
7fc82ab34000-7fc82ac33000 ---p 0000d000 08:02 10227450                   /opt/Xilinx/14.4/ISE_DS/ISE/java6/lin64/jre/lib/amd64/libverify.so
7fc82ac33000-7fc82ac36000 rwxp 0000c000 08:02 10227450                   /opt/Xilinx/14.4/ISE_DS/ISE/java6/lin64/jre/lib/amd64/libverify.so
7fc82ac36000-7fc82ac3d000 r-xp 00000000 08:04 11407593                   /lib/x86_64-linux-gnu/librt-2.19.so
7fc82ac3d000-7fc82ae3c000 ---p 00007000 08:04 11407593                   /lib/x86_64-linux-gnu/librt-2.19.so
7fc82ae3c000-7fc82ae3d000 r-xp 00006000 08:04 11407593                   /lib/x86_64-linux-gnu/librt-2.19.so
7fc82ae3d000-7fc82ae3e000 rwxp 00007000 08:04 11407593                   /lib/x86_64-linux-gnu/librt-2.19.so
7fc82ae3e000-7fc82ae41000 ---p 00000000 00:00 0 
7fc82ae41000-7fc82af3f000 rwxp 00000000 00:00 0                          [stack:18549]
7fc82af3f000-7fc82b044000 r-xp 00000000 08:04 11407514                   /lib/x86_64-linux-gnu/libm-2.19.so
7fc82b044000-7fc82b243000 ---p 00105000 08:04 11407514                   /lib/x86_64-linux-gnu/libm-2.19.so
7fc82b243000-7fc82b244000 r-xp 00104000 08:04 11407514                   /lib/x86_64-linux-gnu/libm-2.19.so
7fc82b244000-7fc82b245000 rwxp 00105000 08:04 11407514                   /lib/x86_64-linux-gnu/libm-2.19.so
7fc82b245000-7fc82ba1f000 r-xp 00000000 08:02 10489197                   /opt/Xilinx/14.4/ISE_DS/ISE/java6/lin64/jre/lib/amd64/server/libjvm.so
7fc82ba1f000-7fc82bb21000 ---p 007da000 08:02 10489197                   /opt/Xilinx/14.4/ISE_DS/ISE/java6/lin64/jre/lib/amd64/server/libjvm.so
7fc82bb21000-7fc82bcb2000 rwxp 007dc000 08:02 10489197                   /opt/Xilinx/14.4/ISE_DS/ISE/java6/lin64/jre/lib/amd64/server/libjvm.so
7fc82bcb2000-7fc82bced000 rwxp 00000000 00:00 0 
7fc82bced000-7fc82bea8000 r-xp 00000000 08:04 11407464                   /lib/x86_64-linux-gnu/libc-2.19.so
7fc82bea8000-7fc82c0a7000 ---p 001bb000 08:04 11407464                   /lib/x86_64-linux-gnu/libc-2.19.so
7fc82c0a7000-7fc82c0ab000 r-xp 001ba000 08:04 11407464                   /lib/x86_64-linux-gnu/libc-2.19.so
7fc82c0ab000-7fc82c0ad000 rwxp 001be000 08:04 11407464                   /lib/x86_64-linux-gnu/libc-2.19.so
7fc82c0ad000-7fc82c0b2000 rwxp 00000000 00:00 0 
7fc82c0b2000-7fc82c0b5000 r-xp 00000000 08:04 11407481                   /lib/x86_64-linux-gnu/libdl-2.19.so
7fc82c0b5000-7fc82c2b4000 ---p 00003000 08:04 11407481                   /lib/x86_64-linux-gnu/libdl-2.19.so
7fc82c2b4000-7fc82c2b5000 r-xp 00002000 08:04 11407481                   /lib/x86_64-linux-gnu/libdl-2.19.so
7fc82c2b5000-7fc82c2b6000 rwxp 00003000 08:04 11407481                   /lib/x86_64-linux-gnu/libdl-2.19.so
7fc82c2b6000-7fc82c2cf000 r-xp 00000000 08:04 11407585                   /lib/x86_64-linux-gnu/libpthread-2.19.so
7fc82c2cf000-7fc82c4ce000 ---p 00019000 08:04 11407585                   /lib/x86_64-linux-gnu/libpthread-2.19.so
7fc82c4ce000-7fc82c4cf000 r-xp 00018000 08:04 11407585                   /lib/x86_64-linux-gnu/libpthread-2.19.so
7fc82c4cf000-7fc82c4d0000 rwxp 00019000 08:04 11407585                   /lib/x86_64-linux-gnu/libpthread-2.19.so
7fc82c4d0000-7fc82c4d4000 rwxp 00000000 00:00 0 
7fc82c4d4000-7fc82c4f7000 r-xp 00000000 08:04 11407440                   /lib/x86_64-linux-gnu/ld-2.19.so
7fc82c503000-7fc82c50d000 rwxp 00000000 00:00 0 
7fc82c50d000-7fc82c5c3000 rwxp 00000000 00:00 0 
7fc82c5c3000-7fc82c5c7000 rwxp 00000000 00:00 0 
7fc82c5c7000-7fc82c5ce000 r-xp 00000000 08:02 10489206                   /opt/Xilinx/14.4/ISE_DS/ISE/java6/lin64/jre/lib/amd64/jli/libjli.so
7fc82c5ce000-7fc82c6cf000 ---p 00007000 08:02 10489206                   /opt/Xilinx/14.4/ISE_DS/ISE/java6/lin64/jre/lib/amd64/jli/libjli.so
7fc82c6cf000-7fc82c6d1000 rwxp 00008000 08:02 10489206                   /opt/Xilinx/14.4/ISE_DS/ISE/java6/lin64/jre/lib/amd64/jli/libjli.so
7fc82c6d1000-7fc82c6d2000 rwxp 00000000 00:00 0 
7fc82c6e8000-7fc82c6ea000 r-xs 0000a000 08:02 9573685                    /opt/Xilinx/14.4/ISE_DS/EDK/eclipse/lin64/eclipse/plugins/org.eclipse.equinox.launcher_1.1.1.R36x_v20101122_1400.jar
7fc82c6ea000-7fc82c6f2000 rwxs 00000000 08:04 1310726                    /tmp/hsperfdata_adam/18548
7fc82c6f2000-7fc82c6f3000 rwxp 00000000 00:00 0 
7fc82c6f3000-7fc82c6f4000 r-xp 00000000 00:00 0 
7fc82c6f4000-7fc82c6f6000 rwxp 00000000 00:00 0 
7fc82c6f6000-7fc82c6f7000 r-xp 00022000 08:04 11407440                   /lib/x86_64-linux-gnu/ld-2.19.so
7fc82c6f7000-7fc82c6f8000 rwxp 00023000 08:04 11407440                   /lib/x86_64-linux-gnu/ld-2.19.so
7fc82c6f8000-7fc82c6f9000 rwxp 00000000 00:00 0 
7fff3157b000-7fff3159d000 rwxp 00000000 00:00 0                          [stack]
7fff315f7000-7fff315f9000 r--p 00000000 00:00 0                          [vvar]
7fff315f9000-7fff315fb000 r-xp 00000000 00:00 0                          [vdso]
ffffffffff600000-ffffffffff601000 r-xp 00000000 00:00 0                  [vsyscall]

VM Arguments:
jvm_args: -Xms40m -Xmx384m -XX:MaxPermSize=256m 
java_command: /opt/Xilinx/14.4/ISE_DS/EDK/eclipse/lin64/eclipse//plugins/org.eclipse.equinox.launcher_1.1.1.R36x_v20101122_1400.jar -os linux -ws gtk -arch x86_64 -showsplash -launcher /opt/Xilinx/14.4/ISE_DS/EDK/eclipse/lin64/eclipse/eclipse -name Eclipse --launcher.library /opt/Xilinx/14.4/ISE_DS/EDK/eclipse/lin64/eclipse//plugins/org.eclipse.equinox.launcher.gtk.linux.x86_64_1.1.2.R36x_v20101019_1345/eclipse_1310.so -startup /opt/Xilinx/14.4/ISE_DS/EDK/eclipse/lin64/eclipse//plugins/org.eclipse.equinox.launcher_1.1.1.R36x_v20101122_1400.jar -exitdata 428003 -vm /opt/Xilinx/14.4/ISE_DS/ISE/java6/lin64/jre/bin/java -vmargs -Xms40m -Xmx384m -XX:MaxPermSize=256m -jar /opt/Xilinx/14.4/ISE_DS/EDK/eclipse/lin64/eclipse//plugins/org.eclipse.equinox.launcher_1.1.1.R36x_v20101122_1400.jar
Launcher Type: SUN_STANDARD

Environment Variables:
CLASSPATH=/home/adam/rapidSmith/jars/*:/home/adam/rapidSmith:
PATH=/opt/Xilinx/14.4/ISE_DS/EDK/bin/lin64:/opt/Xilinx/14.4/ISE_DS/common/bin/lin64:/opt/Xilinx/14.4/ISE_DS/ISE/bin/lin64:/opt/Xilinx/14.4/ISE_DS/EDK/gnu/microblaze/lin64/bin:/opt/Xilinx/14.4/ISE_DS/EDK/gnu/powerpc-eabi/lin64/bin:etc/java-7-openjdk:/usr/lib/jvm/java-7-openjdk-amd64:/opt/Xilinx/14.4/ISE_DS/ISE/sysgen/util:/opt/Xilinx/14.4/ISE_DS/ISE/sysgen/bin:/opt/Xilinx/14.4/ISE_DS/ISE/../../../DocNav:/opt/Xilinx/14.4/ISE_DS/PlanAhead/bin:/opt/Xilinx/14.4/ISE_DS/EDK/gnu/arm/lin/bin:/opt/Xilinx/14.4/ISE_DS/EDK/gnu/microblaze/linux_toolchain/lin64_be/bin:/opt/Xilinx/14.4/ISE_DS/EDK/gnu/microblaze/linux_toolchain/lin64_le/bin:/usr/local/sbin:/usr/local/bin:/usr/sbin:/usr/bin:/sbin:/bin:/usr/games:/usr/local/games
LD_LIBRARY_PATH=/opt/Xilinx/14.4/ISE_DS/ISE/java6/lin64/jre/lib/amd64/server:/opt/Xilinx/14.4/ISE_DS/ISE/java6/lin64/jre/lib/amd64:/opt/Xilinx/14.4/ISE_DS/ISE/java6/lin64/jre/../lib/amd64:/opt/Xilinx/14.4/ISE_DS/EDK/lib/lin64:/opt/Xilinx/14.4/ISE_DS/common/lib/lin64:/opt/Xilinx/14.4/ISE_DS/ISE/lib/lin64:/opt/Xilinx/14.4/ISE_DS/ISE/smartmodel/lin64/installed_lin64/lib:/opt/Xilinx/14.4/ISE_DS/ISE/sysgen/lib
SHELL=/bin/bash

Signal Handlers:
SIGSEGV: [libjvm.so+0x7311c0], sa_mask[0]=0x7ffbfeff, sa_flags=0x10000004
SIGBUS: [libjvm.so+0x7311c0], sa_mask[0]=0x7ffbfeff, sa_flags=0x10000004
SIGFPE: [libjvm.so+0x5f5da0], sa_mask[0]=0x7ffbfeff, sa_flags=0x10000004
SIGPIPE: SIG_IGN, sa_mask[0]=0x00001000, sa_flags=0x10000000
SIGXFSZ: [libjvm.so+0x5f5da0], sa_mask[0]=0x7ffbfeff, sa_flags=0x10000004
SIGILL: [libjvm.so+0x5f5da0], sa_mask[0]=0x7ffbfeff, sa_flags=0x10000004
SIGUSR1: SIG_DFL, sa_mask[0]=0x00000000, sa_flags=0x00000000
SIGUSR2: [libjvm.so+0x5f85c0], sa_mask[0]=0x00000000, sa_flags=0x10000004
SIGHUP: [libjvm.so+0x5f8310], sa_mask[0]=0x7ffbfeff, sa_flags=0x10000004
SIGINT: [libjvm.so+0x5f8310], sa_mask[0]=0x7ffbfeff, sa_flags=0x10000004
SIGTERM: [libjvm.so+0x5f8310], sa_mask[0]=0x7ffbfeff, sa_flags=0x10000004
SIGQUIT: [libjvm.so+0x5f8310], sa_mask[0]=0x7ffbfeff, sa_flags=0x10000004


---------------  S Y S T E M  ---------------

OS:jessie/sid

uname:Linux 3.19.0-31-generic #36~14.04.1-Ubuntu SMP Thu Oct 8 10:21:08 UTC 2015 x86_64
libc:glibc 2.19 NPTL 2.19 
rlimit: STACK 8192k, CORE 0k, NPROC 31594, NOFILE 4096, AS infinity
load average:0.00 0.01 0.05

CPU:total 8 (8 cores per cpu, 2 threads per core) family 6 model 30 stepping 5, cmov, cx8, fxsr, mmx, sse, sse2, sse3, ssse3, sse4.1, sse4.2, popcnt, ht

Memory: 4k page, physical 8109660k(2763748k free), swap 3998716k(3998716k free)

vm_info: Java HotSpot(TM) 64-Bit Server VM (17.0-b16) for linux-amd64 JRE (1.6.0_21-b06), built on Jun 22 2010 01:10:00 by "java_re" with gcc 3.2.2 (SuSE Linux)

time: Wed May 16 16:47:18 2018
elapsed time: 0 seconds

